<?xml version="1.0" encoding="UTF-8"?>
<!-- Generated by org.testng.reporters.JUnitReportReporter -->
<testsuite hostname="Chan.local" name="com.projectname.test.functional.livechat.livechatenableverification" tests="1" failures="0" timestamp="25 Jun 2016 13:08:02 GMT" time="59.149" errors="0">
  <testcase name="Verifychatsanity1" time="59.149" classname="com.projectname.test.functional.livechat.livechatenableverification"/>
</testsuite> <!-- com.projectname.test.functional.livechat.livechatenableverification -->
