<?xml version="1.0" encoding="UTF-8"?>
<!-- Generated by org.testng.reporters.JUnitReportReporter -->
<testsuite hostname="aspire818" name="com.projectname.test.functional.chartprevisist.encounterEndToEnd.deleteEncounterSummaryItems.VerifySaveEditandDeleteEncounterThree" tests="1" failures="0" timestamp="1 Apr 2015 11:09:48 GMT" time="1409.050" errors="0">
  <testcase name="verifySaveEditandDeleteEncounterThree" time="1409.050" classname="com.projectname.test.functional.chartprevisist.encounterEndToEnd.deleteEncounterSummaryItems.VerifySaveEditandDeleteEncounterThree"/>
</testsuite> <!-- com.projectname.test.functional.chartprevisist.encounterEndToEnd.deleteEncounterSummaryItems.VerifySaveEditandDeleteEncounterThree -->
