<?xml version="1.0" encoding="UTF-8"?>
<!-- Generated by org.testng.reporters.JUnitReportReporter -->
<testsuite hostname="aspire818" name="com.projectname.test.functional.demographics.encounterreferral.VerifyReferalByProvider" tests="1" failures="0" timestamp="13 May 2015 14:42:43 GMT" time="711.598" errors="0">
  <testcase name="verifyReferalByProvider" time="711.598" classname="com.projectname.test.functional.demographics.encounterreferral.VerifyReferalByProvider"/>
</testsuite> <!-- com.projectname.test.functional.demographics.encounterreferral.VerifyReferalByProvider -->
